This is pdfTeX, Version 3.141592-1.40.4 (MiKTeX 2.7) (preloaded format=pdflatex 2009.2.12)  1 DEC 2010 01:52
entering extended mode
**C:/Documents*and*Settings/John/My*Documents/MIT/Physics/8.012*Project.tex
("C:/Documents and Settings/John/My Documents/MIT/Physics/8.012 Project.tex"
LaTeX2e <2005/12/01>
Babel <v3.8h> and hyphenation patterns for english, dumylang, nohyphenation, ge
rman, ngerman, french, loaded.
("C:\Program Files\MiKTeX 2.7\tex\latex\base\article.cls"
Document Class: article 2005/09/16 v1.4f Standard LaTeX document class
("C:\Program Files\MiKTeX 2.7\tex\latex\base\size12.clo"
File: size12.clo 2005/09/16 v1.4f Standard LaTeX file (size option)
)
\c@part=\count79
\c@section=\count80
\c@subsection=\count81
\c@subsubsection=\count82
\c@paragraph=\count83
\c@subparagraph=\count84
\c@figure=\count85
\c@table=\count86
\abovecaptionskip=\skip41
\belowcaptionskip=\skip42
\bibindent=\dimen102
)
("C:\Program Files\MiKTeX 2.7\tex\latex\geometry\geometry.sty"
Package: geometry 2002/07/08 v3.2 Page Geometry

("C:\Program Files\MiKTeX 2.7\tex\latex\graphics\keyval.sty"
Package: keyval 1999/03/16 v1.13 key=value parser (DPC)
\KV@toks@=\toks14
)
\Gm@cnth=\count87
\Gm@cntv=\count88
\c@Gm@tempcnt=\count89
\Gm@bindingoffset=\dimen103
\Gm@wd@mp=\dimen104
\Gm@odd@mp=\dimen105
\Gm@even@mp=\dimen106
\Gm@dimlist=\toks15

("C:\Program Files\MiKTeX 2.7\tex\latex\geometry\geometry.cfg"))
("C:\Program Files\MiKTeX 2.7\tex\latex\fancyhdr\fancyhdr.sty"
\fancy@headwidth=\skip43
\f@ncyO@elh=\skip44
\f@ncyO@erh=\skip45
\f@ncyO@olh=\skip46
\f@ncyO@orh=\skip47
\f@ncyO@elf=\skip48
\f@ncyO@erf=\skip49
\f@ncyO@olf=\skip50
\f@ncyO@orf=\skip51
)
("C:\Program Files\MiKTeX 2.7\tex\latex\amsmath\amsmath.sty"
Package: amsmath 2000/07/18 v2.13 AMS math features
\@mathmargin=\skip52

For additional information on amsmath, use the `?' option.
("C:\Program Files\MiKTeX 2.7\tex\latex\amsmath\amstext.sty"
Package: amstext 2000/06/29 v2.01

("C:\Program Files\MiKTeX 2.7\tex\latex\amsmath\amsgen.sty"
File: amsgen.sty 1999/11/30 v2.0
\@emptytoks=\toks16
\ex@=\dimen107
))
("C:\Program Files\MiKTeX 2.7\tex\latex\amsmath\amsbsy.sty"
Package: amsbsy 1999/11/29 v1.2d
\pmbraise@=\dimen108
)
("C:\Program Files\MiKTeX 2.7\tex\latex\amsmath\amsopn.sty"
Package: amsopn 1999/12/14 v2.01 operator names
)
\inf@bad=\count90
LaTeX Info: Redefining \frac on input line 211.
\uproot@=\count91
\leftroot@=\count92
LaTeX Info: Redefining \overline on input line 307.
\classnum@=\count93
\DOTSCASE@=\count94
LaTeX Info: Redefining \ldots on input line 379.
LaTeX Info: Redefining \dots on input line 382.
LaTeX Info: Redefining \cdots on input line 467.
\Mathstrutbox@=\box26
\strutbox@=\box27
\big@size=\dimen109
LaTeX Font Info:    Redeclaring font encoding OML on input line 567.
LaTeX Font Info:    Redeclaring font encoding OMS on input line 568.
\macc@depth=\count95
\c@MaxMatrixCols=\count96
\dotsspace@=\muskip10
\c@parentequation=\count97
\dspbrk@lvl=\count98
\tag@help=\toks17
\row@=\count99
\column@=\count100
\maxfields@=\count101
\andhelp@=\toks18
\eqnshift@=\dimen110
\alignsep@=\dimen111
\tagshift@=\dimen112
\tagwidth@=\dimen113
\totwidth@=\dimen114
\lineht@=\dimen115
\@envbody=\toks19
\multlinegap=\skip53
\multlinetaggap=\skip54
\mathdisplay@stack=\toks20
LaTeX Info: Redefining \[ on input line 2666.
LaTeX Info: Redefining \] on input line 2667.
)
("C:\Program Files\MiKTeX 2.7\tex\latex\graphics\graphicx.sty"
Package: graphicx 1999/02/16 v1.0f Enhanced LaTeX Graphics (DPC,SPQR)

("C:\Program Files\MiKTeX 2.7\tex\latex\graphics\graphics.sty"
Package: graphics 2006/02/20 v1.0o Standard LaTeX Graphics (DPC,SPQR)

("C:\Program Files\MiKTeX 2.7\tex\latex\graphics\trig.sty"
Package: trig 1999/03/16 v1.09 sin cos tan (DPC)
)
("C:\Program Files\MiKTeX 2.7\tex\latex\00miktex\graphics.cfg"
File: graphics.cfg 2007/01/18 v1.5 graphics configuration of teTeX/TeXLive
)
Package graphics Info: Driver file: pdftex.def on input line 90.

("C:\Program Files\MiKTeX 2.7\tex\latex\graphics\pdftex.def"
File: pdftex.def 2007/06/12 v0.04h Graphics/color for pdfTeX
\Gread@gobject=\count102
))
\Gin@req@height=\dimen116
\Gin@req@width=\dimen117
)
("C:\Program Files\MiKTeX 2.7\tex\latex\tools\multicol.sty"
Package: multicol 2006/05/18 v1.6g multicolumn formatting (FMi)
\c@tracingmulticols=\count103
\mult@box=\box28
\multicol@leftmargin=\dimen118
\c@unbalance=\count104
\c@collectmore=\count105
\doublecol@number=\count106
\multicoltolerance=\count107
\multicolpretolerance=\count108
\full@width=\dimen119
\page@free=\dimen120
\premulticols=\dimen121
\postmulticols=\dimen122
\multicolsep=\skip55
\multicolbaselineskip=\skip56
\partial@page=\box29
\last@line=\box30
\mult@rightbox=\box31
\mult@grightbox=\box32
\mult@gfirstbox=\box33
\mult@firstbox=\box34
\@tempa=\box35
\@tempa=\box36
\@tempa=\box37
\@tempa=\box38
\@tempa=\box39
\@tempa=\box40
\@tempa=\box41
\@tempa=\box42
\@tempa=\box43
\@tempa=\box44
\@tempa=\box45
\@tempa=\box46
\@tempa=\box47
\@tempa=\box48
\@tempa=\box49
\@tempa=\box50
\@tempa=\box51
\c@columnbadness=\count109
\c@finalcolumnbadness=\count110
\last@try=\dimen123
\multicolovershoot=\dimen124
\multicolundershoot=\dimen125
\mult@nat@firstbox=\box52
\colbreak@box=\box53
)
("C:\Program Files\MiKTeX 2.7\tex\latex\setspace\setspace.sty"
Package: setspace 2000/12/01 6.7 Contributed and Supported LaTeX2e package

Package: `setspace' 6.7 <2000/12/01>
) ("C:\Program Files\MiKTeX 2.7\tex\latex\jknappen\mathrsfs.sty"
Package: mathrsfs 1996/01/01 Math RSFS package v1.0 (jk)
\symrsfs=\mathgroup4
)
("8.012 Project.aux")
LaTeX Font Info:    Checking defaults for OML/cmm/m/it on input line 15.
LaTeX Font Info:    ... okay on input line 15.
LaTeX Font Info:    Checking defaults for T1/cmr/m/n on input line 15.
LaTeX Font Info:    ... okay on input line 15.
LaTeX Font Info:    Checking defaults for OT1/cmr/m/n on input line 15.
LaTeX Font Info:    ... okay on input line 15.
LaTeX Font Info:    Checking defaults for OMS/cmsy/m/n on input line 15.
LaTeX Font Info:    ... okay on input line 15.
LaTeX Font Info:    Checking defaults for OMX/cmex/m/n on input line 15.
LaTeX Font Info:    ... okay on input line 15.
LaTeX Font Info:    Checking defaults for U/cmr/m/n on input line 15.
LaTeX Font Info:    ... okay on input line 15.
-------------------- Geometry parameters
paper: class default
landscape: --
twocolumn: --
twoside: --
asymmetric: --
h-parts: 72.26999pt, 469.75502pt, 72.26999pt
v-parts: 72.26999pt, 650.43001pt, 72.26999pt
hmarginratio: --
vmarginratio: --
lines: --
heightrounded: --
bindingoffset: 0.0pt
truedimen: --
includehead: --
includefoot: --
includemp: --
driver: pdftex
-------------------- Page layout dimensions and switches
\paperwidth  614.295pt
\paperheight 794.96999pt
\textwidth  469.75502pt
\textheight 650.43001pt
\oddsidemargin  0.0pt
\evensidemargin 0.0pt
\topmargin  -37.0pt
\headheight 12.0pt
\headsep    25.0pt
\footskip   30.0pt
\marginparwidth 44.0pt
\marginparsep   10.0pt
\columnsep  10.0pt
\skip\footins  10.8pt plus 4.0pt minus 2.0pt
\hoffset 0.0pt
\voffset 0.0pt
\mag 1000

(1in=72.27pt, 1cm=28.45pt)
-----------------------

("C:\Program Files\MiKTeX 2.7\tex\context\base\supp-pdf.tex"
[Loading MPS to PDF converter (version 2006.09.02).]
\scratchcounter=\count111
\scratchdimen=\dimen126
\scratchbox=\box54
\nofMPsegments=\count112
\nofMParguments=\count113
\MPscratchCnt=\count114
\MPscratchDim=\dimen127
\MPnumerator=\count115
\everyMPtoPDFconversion=\toks21
)
LaTeX Font Info:    Try loading font information for U+rsfs on input line 22.
 ("C:\Program Files\MiKTeX 2.7\tex\latex\jknappen\ursfs.fd"
File: ursfs.fd 1998/03/24 rsfs font definition file (jk)
) [1

{C:/Documents and Settings/All Users/Application Data/MiKTeX/2.7/pdftex/config/
pdftex.map}]

Package amsmath Warning: Foreign command \over;
(amsmath)                \frac or \genfrac should be used instead
(amsmath)                 on input line 48.


Package Fancyhdr Warning: \headheight is too small (12.0pt): 
 Make it at least 14.49998pt.
 We now make it that large for the rest of the document.
 This may cause the page layout to be inconsistent, however.

[2] [3] [4] [5] ("8.012 Project.aux") ) 
Here is how much of TeX's memory you used:
 2075 strings out of 95340
 25125 string characters out of 1184155
 92269 words of memory out of 1500000
 5272 multiletter control sequences out of 110000
 10968 words of font info for 42 fonts, out of 1200000 for 2000
 14 hyphenation exceptions out of 8191
 27i,17n,43p,970b,232s stack positions out of 5000i,500n,10000p,200000b,5000s
<C:/Program Files/MiKTeX 2.7/fonts/type1
/bluesky/cm/cmbx12.pfb><C:/Program Files/MiKTeX 2.7/fonts/type1/bluesky/cm/cmex
10.pfb><C:/Program Files/MiKTeX 2.7/fonts/type1/bluesky/cm/cmmi12.pfb><C:/Progr
am Files/MiKTeX 2.7/fonts/type1/bluesky/cm/cmmi6.pfb><C:/Program Files/MiKTeX 2
.7/fonts/type1/bluesky/cm/cmmi8.pfb><C:/Program Files/MiKTeX 2.7/fonts/type1/bl
uesky/cm/cmr12.pfb><C:/Program Files/MiKTeX 2.7/fonts/type1/bluesky/cm/cmr17.pf
b><C:/Program Files/MiKTeX 2.7/fonts/type1/bluesky/cm/cmr6.pfb><C:/Program File
s/MiKTeX 2.7/fonts/type1/bluesky/cm/cmr8.pfb><C:/Program Files/MiKTeX 2.7/fonts
/type1/bluesky/cm/cmsl12.pfb><C:/Program Files/MiKTeX 2.7/fonts/type1/bluesky/c
m/cmsy10.pfb>
Output written on "8.012 Project.pdf" (5 pages, 85005 bytes).
PDF statistics:
 62 PDF objects out of 1000 (max. 8388607)
 0 named destinations out of 1000 (max. 131072)
 1 words of extra memory for PDF output out of 10000 (max. 10000000)

