This is pdfTeX, Version 3.1415926-1.40.10 (MiKTeX 2.8) (preloaded format=pdflatex 2011.3.25)  27 SEP 2011 18:03
entering extended mode
**C:/Users/John/Documents/MIT/Course*6/6.006/PS2/writeup/ps2_sol.tex
("C:/Users/John/Documents/MIT/Course 6/6.006/PS2/writeup/ps2_sol.tex"
LaTeX2e <2009/09/24>
Babel <v3.8l> and hyphenation patterns for english, dumylang, nohyphenation, ge
rman, ngerman, german-x-2009-06-19, ngerman-x-2009-06-19, french, loaded.
("C:\Program Files (x86)\MiKTeX 2.8\tex\latex\base\article.cls"
Document Class: article 2007/10/19 v1.4h Standard LaTeX document class
("C:\Program Files (x86)\MiKTeX 2.8\tex\latex\base\size12.clo"
File: size12.clo 2007/10/19 v1.4h Standard LaTeX file (size option)
)
\c@part=\count79
\c@section=\count80
\c@subsection=\count81
\c@subsubsection=\count82
\c@paragraph=\count83
\c@subparagraph=\count84
\c@figure=\count85
\c@table=\count86
\abovecaptionskip=\skip41
\belowcaptionskip=\skip42
\bibindent=\dimen102
)
("C:\Users\John\Documents\MIT\Course 6\6.006\PS2\writeup\macros.tex"
("C:\Program Files (x86)\MiKTeX 2.8\tex\latex\base\latexsym.sty"
Package: latexsym 1998/08/17 v2.2e Standard LaTeX package (lasy symbols)
\symlasy=\mathgroup4
LaTeX Font Info:    Overwriting symbol font `lasy' in version `bold'
(Font)                  U/lasy/m/n --> U/lasy/b/n on input line 47.
)
("C:\Program Files (x86)\MiKTeX 2.8\tex\latex\psnfss\times.sty"
Package: times 2005/04/12 PSNFSS-v9.2a (SPQR) 
)
("C:\Program Files (x86)\MiKTeX 2.8\tex\latex\ltxmisc\url.sty"
\Urlmuskip=\muskip10
Package: url 2006/04/12  ver 3.3  Verb mode for urls, etc.
)
("C:\Users\John\Documents\MIT\Course 6\6.006\PS2\writeup\clrscode3e.sty"
Package: clrscode3e 

("C:\Program Files (x86)\MiKTeX 2.8\tex\latex\graphics\graphics.sty"
Package: graphics 2009/02/05 v1.0o Standard LaTeX Graphics (DPC,SPQR)

("C:\Program Files (x86)\MiKTeX 2.8\tex\latex\graphics\trig.sty"
Package: trig 1999/03/16 v1.09 sin cos tan (DPC)
)
("C:\Program Files (x86)\MiKTeX 2.8\tex\latex\00miktex\graphics.cfg"
File: graphics.cfg 2007/01/18 v1.5 graphics configuration of teTeX/TeXLive
)
Package graphics Info: Driver file: pdftex.def on input line 91.

("C:\Program Files (x86)\MiKTeX 2.8\tex\latex\pdftex-def\pdftex.def"
File: pdftex.def 2010/02/14 v0.04n Graphics/color for pdfTeX
\Gread@gobject=\count87
))
\c@codelinenumber=\count88
\c@indent=\count89
\digitwidth=\skip43
\savecode=\box26
\codeboxwidth=\skip44
\c@thisindent=\count90
)
\toppush=\skip45
\pointcount=\count91
\c@problemnum=\count92
\c@problempartnum=\count93
\c@exercisenum=\count94
\c@exercisepartnum=\count95
\c@totalcaptions=\count96
\c@totalart=\count97
\halffigspace=\skip46
\wholefigspace=\skip47
\figruleheight=\skip48
\figgap=\skip49
\widefigspacewidth=\skip50
\macfigfill=\skip51
\bbx=\skip52
\bby=\skip53
\savearraycolsep=\skip54
\c@theorem=\count98
\c@xample=\count99
\c@definition=\count100
\c@handouts=\count101
)
("C:\Program Files (x86)\MiKTeX 2.8\tex\latex\ams\math\amsmath.sty"
Package: amsmath 2000/07/18 v2.13 AMS math features
\@mathmargin=\skip55

For additional information on amsmath, use the `?' option.
("C:\Program Files (x86)\MiKTeX 2.8\tex\latex\ams\math\amstext.sty"
Package: amstext 2000/06/29 v2.01

("C:\Program Files (x86)\MiKTeX 2.8\tex\latex\ams\math\amsgen.sty"
File: amsgen.sty 1999/11/30 v2.0
\@emptytoks=\toks14
\ex@=\dimen103
))
("C:\Program Files (x86)\MiKTeX 2.8\tex\latex\ams\math\amsbsy.sty"
Package: amsbsy 1999/11/29 v1.2d
\pmbraise@=\dimen104
)
("C:\Program Files (x86)\MiKTeX 2.8\tex\latex\ams\math\amsopn.sty"
Package: amsopn 1999/12/14 v2.01 operator names
)
\inf@bad=\count102
LaTeX Info: Redefining \frac on input line 211.
\uproot@=\count103
\leftroot@=\count104
LaTeX Info: Redefining \overline on input line 307.
\classnum@=\count105
\DOTSCASE@=\count106
LaTeX Info: Redefining \ldots on input line 379.
LaTeX Info: Redefining \dots on input line 382.
LaTeX Info: Redefining \cdots on input line 467.
\Mathstrutbox@=\box27
\strutbox@=\box28
\big@size=\dimen105
LaTeX Font Info:    Redeclaring font encoding OML on input line 567.
LaTeX Font Info:    Redeclaring font encoding OMS on input line 568.
\macc@depth=\count107
\c@MaxMatrixCols=\count108
\dotsspace@=\muskip11
\c@parentequation=\count109
\dspbrk@lvl=\count110
\tag@help=\toks15
\row@=\count111
\column@=\count112
\maxfields@=\count113
\andhelp@=\toks16
\eqnshift@=\dimen106
\alignsep@=\dimen107
\tagshift@=\dimen108
\tagwidth@=\dimen109
\totwidth@=\dimen110
\lineht@=\dimen111
\@envbody=\toks17
\multlinegap=\skip56
\multlinetaggap=\skip57
\mathdisplay@stack=\toks18
LaTeX Info: Redefining \[ on input line 2666.
LaTeX Info: Redefining \] on input line 2667.
)
("C:\Program Files (x86)\MiKTeX 2.8\tex\latex\graphics\graphicx.sty"
Package: graphicx 1999/02/16 v1.0f Enhanced LaTeX Graphics (DPC,SPQR)

("C:\Program Files (x86)\MiKTeX 2.8\tex\latex\graphics\keyval.sty"
Package: keyval 1999/03/16 v1.13 key=value parser (DPC)
\KV@toks@=\toks19
)
\Gin@req@height=\dimen112
\Gin@req@width=\dimen113
)
("C:\Users\John\Documents\MIT\Course 6\6.006\PS2\writeup\ps2_sol.aux")
LaTeX Font Info:    Checking defaults for OML/cmm/m/it on input line 179.
LaTeX Font Info:    ... okay on input line 179.
LaTeX Font Info:    Checking defaults for T1/cmr/m/n on input line 179.
LaTeX Font Info:    ... okay on input line 179.
LaTeX Font Info:    Checking defaults for OT1/cmr/m/n on input line 179.
LaTeX Font Info:    ... okay on input line 179.
LaTeX Font Info:    Checking defaults for OMS/cmsy/m/n on input line 179.
LaTeX Font Info:    ... okay on input line 179.
LaTeX Font Info:    Checking defaults for OMX/cmex/m/n on input line 179.
LaTeX Font Info:    ... okay on input line 179.
LaTeX Font Info:    Checking defaults for U/cmr/m/n on input line 179.
LaTeX Font Info:    ... okay on input line 179.
LaTeX Font Info:    Try loading font information for OT1+ptm on input line 179.


("C:\Program Files (x86)\MiKTeX 2.8\tex\latex\psnfss\ot1ptm.fd"
File: ot1ptm.fd 2001/06/04 font definitions for OT1/ptm.
)
("C:\Program Files (x86)\MiKTeX 2.8\tex\context\base\supp-pdf.tex"
[Loading MPS to PDF converter (version 2006.09.02).]
\scratchcounter=\count114
\scratchdimen=\dimen114
\scratchbox=\box29
\nofMPsegments=\count115
\nofMParguments=\count116
\everyMPshowfont=\toks20
\MPscratchCnt=\count117
\MPscratchDim=\dimen115
\MPnumerator=\count118
\everyMPtoPDFconversion=\toks21
)
LaTeX Font Info:    Try loading font information for U+lasy on input line 181.
 ("C:\Program Files (x86)\MiKTeX 2.8\tex\latex\base\ulasy.fd"
File: ulasy.fd 1998/08/17 v2.2e LaTeX symbol font definitions
)
Underfull \hbox (badness 10000) in paragraph at lines 181--181

 []

LaTeX Font Info:    Font shape `OT1/ptm/bx/n' in size <17.28> not available
(Font)              Font shape `OT1/ptm/b/n' tried instead on input line 181.
LaTeX Font Info:    Font shape `OT1/ptm/bx/n' in size <12> not available
(Font)              Font shape `OT1/ptm/b/n' tried instead on input line 183.
LaTeX Font Info:    Try loading font information for OT1+pcr on input line 186.

("C:\Program Files (x86)\MiKTeX 2.8\tex\latex\psnfss\ot1pcr.fd"
File: ot1pcr.fd 2001/06/04 font definitions for OT1/pcr.
)
LaTeX Font Info:    Font shape `OT1/ptm/bx/it' in size <12> not available
(Font)              Font shape `OT1/ptm/b/it' tried instead on input line 219.


pdfTeX warning: pdflatex (file C:/Users/John/Documents/MIT/Course 6/6.006/PS2/w
riteup/figures/snowflake.pdf): PDF inclusion: found PDF version <1.5>, but at m
ost version <1.4> allowed
<figures/snowflake.pdf, id=1, 266.59601pt x 192.72pt>
File: figures/snowflake.pdf Graphic file (type pdf)

<use figures/snowflake.pdf> [1

{C:/ProgramData/MiKTeX/2.8/pdftex/config/pdftex.map} <C:/Users/John/Documents/M
IT/Course 6/6.006/PS2/writeup/figures/snowflake.pdf>]
Overfull \hbox (22.68976pt too wide) in paragraph at lines 262--262
| [] 
 []



pdfTeX warning: pdflatex (file C:/Users/John/Documents/MIT/Course 6/6.006/PS2/w
riteup/figures/snowflake-triangle.pdf): PDF inclusion: found PDF version <1.5>,
 but at most version <1.4> allowed
<figures/snowflake-triangle.pdf, id=16, 184.69pt x 212.795pt>
File: figures/snowflake-triangle.pdf Graphic file (type pdf)

<use figures/snowflake-triangle.pdf> [2] [3 <C:/Users/John/Documents/MIT/Course
 6/6.006/PS2/writeup/figures/snowflake-triangle.pdf>] [4] [5] [6] [7]

pdfTeX warning: pdflatex (file C:/Users/John/Documents/MIT/Course 6/6.006/PS2/w
riteup/figures/xor-ansi.pdf): PDF inclusion: found PDF version <1.5>, but at mo
st version <1.4> allowed
<figures/xor-ansi.pdf, id=48, 80.3pt x 40.15pt>
File: figures/xor-ansi.pdf Graphic file (type pdf)
 <use figures/xor-ansi.pdf>
[8]
Overfull \hbox (15.04483pt too wide) in paragraph at lines 624--625
[]\OT1/pcr/m/n/12 python -m cProfile -s time circuit.py < tests/5devadas13.in 
 []

[9 <C:/Users/John/Documents/MIT/Course 6/6.006/PS2/writeup/figures/xor-ansi.pdf
>]
Overfull \hbox (36.64482pt too wide) in paragraph at lines 694--695
[]\OT1/pcr/m/n/12 TRACE=jsonp python circuit.py < tests/1gate.in > circuit.json
p 
 []

[10] [11] ("C:\Users\John\Documents\MIT\Course 6\6.006\PS2\writeup\ps2_sol.aux"
) ) 
Here is how much of TeX's memory you used:
 2052 strings out of 495285
 25162 string characters out of 3179830
 86628 words of memory out of 3000000
 5232 multiletter control sequences out of 15000+200000
 24849 words of font info for 59 fonts, out of 3000000 for 9000
 14 hyphenation exceptions out of 8191
 27i,9n,20p,681b,357s stack positions out of 5000i,500n,10000p,200000b,50000s
{C:/Program Files (x86)/MiKTeX 2.8/fonts/enc/dvips/fontname/8r.enc}<C:/Progr
am Files (x86)/MiKTeX 2.8/fonts/type1/public/amsfonts/cm/cmex10.pfb><C:/Program
 Files (x86)/MiKTeX 2.8/fonts/type1/public/amsfonts/cm/cmmi12.pfb><C:/Program F
iles (x86)/MiKTeX 2.8/fonts/type1/public/amsfonts/cm/cmmi8.pfb><C:/Program File
s (x86)/MiKTeX 2.8/fonts/type1/public/amsfonts/cm/cmr12.pfb><C:/Program Files (
x86)/MiKTeX 2.8/fonts/type1/public/amsfonts/cm/cmr8.pfb><C:/Program Files (x86)
/MiKTeX 2.8/fonts/type1/public/amsfonts/cm/cmss12.pfb><C:/Program Files (x86)/M
iKTeX 2.8/fonts/type1/public/amsfonts/cm/cmsy10.pfb><C:/Program Files (x86)/MiK
TeX 2.8/fonts/type1/public/amsfonts/cm/cmsy8.pfb><C:/Program Files (x86)/MiKTeX
 2.8/fonts/type1/public/amsfonts/cm/cmti12.pfb><C:/Program Files (x86)/MiKTeX 2
.8/fonts/type1/urw/courier/ucrr8a.pfb><C:/Program Files (x86)/MiKTeX 2.8/fonts/
type1/urw/times/utmb8a.pfb><C:/Program Files (x86)/MiKTeX 2.8/fonts/type1/urw/t
imes/utmbi8a.pfb><C:/Program Files (x86)/MiKTeX 2.8/fonts/type1/urw/times/utmr8
a.pfb><C:/Program Files (x86)/MiKTeX 2.8/fonts/type1/urw/times/utmr8a.pfb><C:/P
rogram Files (x86)/MiKTeX 2.8/fonts/type1/urw/times/utmri8a.pfb>
Output written on ps2_sol.pdf (11 pages, 208181 bytes).
PDF statistics:
 119 PDF objects out of 1000 (max. 8388607)
 0 named destinations out of 1000 (max. 500000)
 16 words of extra memory for PDF output out of 10000 (max. 10000000)

