This is pdfTeX, Version 3.1415926-1.40.10 (TeX Live 2009/Debian) (format=pdflatex 2012.7.25)  16 APR 2013 10:14
entering extended mode
 %&-line parsing enabled.
**lectures1-17.tex
(./lectures1-17.tex
LaTeX2e <2009/09/24>
Babel <v3.8l> and hyphenation patterns for english, usenglishmax, dumylang, noh
yphenation, farsi, arabic, croatian, bulgarian, ukrainian, russian, czech, slov
ak, danish, dutch, finnish, french, basque, ngerman, german, german-x-2009-06-1
9, ngerman-x-2009-06-19, ibycus, monogreek, greek, ancientgreek, hungarian, san
skrit, italian, latin, latvian, lithuanian, mongolian2a, mongolian, bokmal, nyn
orsk, romanian, irish, coptic, serbian, turkish, welsh, esperanto, uppersorbian
, estonian, indonesian, interlingua, icelandic, kurmanji, slovenian, polish, po
rtuguese, spanish, galician, catalan, swedish, ukenglish, pinyin, loaded.
(/usr/share/texmf-texlive/tex/latex/amscls/amsart.cls
Document Class: amsart 2009/07/02 v2.20.1
\linespacing=\dimen102
\normalparindent=\dimen103
\normaltopskip=\skip41
(/usr/share/texmf-texlive/tex/latex/amsmath/amsmath.sty
Package: amsmath 2000/07/18 v2.13 AMS math features
\@mathmargin=\skip42

For additional information on amsmath, use the `?' option.
(/usr/share/texmf-texlive/tex/latex/amsmath/amstext.sty
Package: amstext 2000/06/29 v2.01

(/usr/share/texmf-texlive/tex/latex/amsmath/amsgen.sty
File: amsgen.sty 1999/11/30 v2.0
\@emptytoks=\toks14
\ex@=\dimen104
))
(/usr/share/texmf-texlive/tex/latex/amsmath/amsbsy.sty
Package: amsbsy 1999/11/29 v1.2d
\pmbraise@=\dimen105
)
(/usr/share/texmf-texlive/tex/latex/amsmath/amsopn.sty
Package: amsopn 1999/12/14 v2.01 operator names
)
\inf@bad=\count79
LaTeX Info: Redefining \frac on input line 211.
\uproot@=\count80
\leftroot@=\count81
LaTeX Info: Redefining \overline on input line 307.
\classnum@=\count82
\DOTSCASE@=\count83
LaTeX Info: Redefining \ldots on input line 379.
LaTeX Info: Redefining \dots on input line 382.
LaTeX Info: Redefining \cdots on input line 467.
\Mathstrutbox@=\box26
\strutbox@=\box27
\big@size=\dimen106
LaTeX Font Info:    Redeclaring font encoding OML on input line 567.
LaTeX Font Info:    Redeclaring font encoding OMS on input line 568.
\macc@depth=\count84
\c@MaxMatrixCols=\count85
\dotsspace@=\muskip10
\c@parentequation=\count86
\dspbrk@lvl=\count87
\tag@help=\toks15
\row@=\count88
\column@=\count89
\maxfields@=\count90
\andhelp@=\toks16
\eqnshift@=\dimen107
\alignsep@=\dimen108
\tagshift@=\dimen109
\tagwidth@=\dimen110
\totwidth@=\dimen111
\lineht@=\dimen112
\@envbody=\toks17
\multlinegap=\skip43
\multlinetaggap=\skip44
\mathdisplay@stack=\toks18
LaTeX Info: Redefining \[ on input line 2666.
LaTeX Info: Redefining \] on input line 2667.
)
LaTeX Font Info:    Try loading font information for U+msa on input line 388.

(/usr/share/texmf-texlive/tex/latex/amsfonts/umsa.fd
File: umsa.fd 2009/06/22 v3.00 AMS symbols A
)
(/usr/share/texmf-texlive/tex/latex/amsfonts/amsfonts.sty
Package: amsfonts 2009/06/22 v3.00 Basic AMSFonts support


Package amsfonts Warning: The 'psamsfonts' option is obsolete in AMSFonts v3.

\symAMSa=\mathgroup4
\symAMSb=\mathgroup5
LaTeX Font Info:    Overwriting math alphabet `\mathfrak' in version `bold'
(Font)                  U/euf/m/n --> U/euf/b/n on input line 96.
)
\copyins=\insert233
\abstractbox=\box28
\listisep=\skip45
\c@part=\count91
\c@section=\count92
\c@subsection=\count93
\c@subsubsection=\count94
\c@paragraph=\count95
\c@subparagraph=\count96
\c@figure=\count97
\c@table=\count98
\abovecaptionskip=\skip46
\belowcaptionskip=\skip47
\captionindent=\dimen113
\thm@style=\toks19
\thm@bodyfont=\toks20
\thm@headfont=\toks21
\thm@notefont=\toks22
\thm@headpunct=\toks23
\thm@preskip=\skip48
\thm@postskip=\skip49
\thm@headsep=\skip50
\dth@everypar=\toks24
) (/usr/share/texmf-texlive/tex/latex/amsfonts/amssymb.sty
Package: amssymb 2009/06/22 v3.00
)
(/usr/share/texmf-texlive/tex/latex/tools/enumerate.sty
Package: enumerate 1999/03/05 v3.00 enumerate extensions (DPC)
\@enLab=\toks25
)
(/usr/share/texmf-texlive/tex/latex/geometry/geometry.sty
Package: geometry 2008/12/21 v4.2 Page Geometry

(/usr/share/texmf-texlive/tex/latex/graphics/keyval.sty
Package: keyval 1999/03/16 v1.13 key=value parser (DPC)
\KV@toks@=\toks26
)
(/usr/share/texmf-texlive/tex/generic/oberdiek/ifpdf.sty
Package: ifpdf 2009/04/10 v2.0 Provides the ifpdf switch (HO)
Package ifpdf Info: pdfTeX in pdf mode detected.
)
(/usr/share/texmf-texlive/tex/generic/oberdiek/ifvtex.sty
Package: ifvtex 2008/11/04 v1.4 Switches for detecting VTeX and its modes (HO)
Package ifvtex Info: VTeX not detected.
)
\Gm@cnth=\count99
\Gm@cntv=\count100
\c@Gm@tempcnt=\count101
\Gm@bindingoffset=\dimen114
\Gm@wd@mp=\dimen115
\Gm@odd@mp=\dimen116
\Gm@even@mp=\dimen117
\Gm@dimlist=\toks27

(/usr/share/texmf-texlive/tex/xelatex/xetexconfig/geometry.cfg))
\bibstyle{plain}
(./lectures1-17.aux)
\openout1 = `lectures1-17.aux'.

LaTeX Font Info:    Checking defaults for OML/cmm/m/it on input line 23.
LaTeX Font Info:    ... okay on input line 23.
LaTeX Font Info:    Checking defaults for T1/cmr/m/n on input line 23.
LaTeX Font Info:    ... okay on input line 23.
LaTeX Font Info:    Checking defaults for OT1/cmr/m/n on input line 23.
LaTeX Font Info:    ... okay on input line 23.
LaTeX Font Info:    Checking defaults for OMS/cmsy/m/n on input line 23.
LaTeX Font Info:    ... okay on input line 23.
LaTeX Font Info:    Checking defaults for OMX/cmex/m/n on input line 23.
LaTeX Font Info:    ... okay on input line 23.
LaTeX Font Info:    Checking defaults for U/cmr/m/n on input line 23.
LaTeX Font Info:    ... okay on input line 23.
LaTeX Font Info:    Try loading font information for U+msa on input line 23.
 (/usr/share/texmf-texlive/tex/latex/amsfonts/umsa.fd
File: umsa.fd 2009/06/22 v3.00 AMS symbols A
)
LaTeX Font Info:    Try loading font information for U+msb on input line 23.

(/usr/share/texmf-texlive/tex/latex/amsfonts/umsb.fd
File: umsb.fd 2009/06/22 v3.00 AMS symbols B
)
*geometry auto-detecting driver*
*geometry detected driver: pdftex*
-------------------- Geometry parameters
paper: class default
landscape: --
twocolumn: --
twoside: true
asymmetric: --
h-parts: 72.26999pt, 469.75502pt, 72.26999pt
v-parts: 72.26999pt, 650.43001pt, 72.26999pt
hmarginratio: --
vmarginratio: --
lines: --
heightrounded: --
bindingoffset: 0.0pt
truedimen: --
includehead: --
includefoot: --
includemp: --
driver: pdftex
-------------------- Page layout dimensions and switches
\paperwidth  614.295pt
\paperheight 794.96999pt
\textwidth  469.75502pt
\textheight 690.0pt
\oddsidemargin  0.0pt
\evensidemargin 0.0pt
\topmargin  -20.0pt
\headheight 0.0pt
\headsep    14.0pt
\footskip   12.0pt
\marginparwidth 90.0pt
\marginparsep   11.0pt
\columnsep  10.0pt
\skip\footins  7.0pt plus 11.0pt
\hoffset 0.0pt
\voffset -10.0pt
\mag 1000
\@twosidetrue \@mparswitchtrue 
(1in=72.27pt, 1cm=28.45pt)
-----------------------
[1{/var/lib/texmf/fonts/map/pdftex/updmap/pdftex.map}]
Overfull \vbox (4.78334pt too high) has occurred while \output is active []


[2]
Overfull \vbox (4.78334pt too high) has occurred while \output is active []


[3]
Overfull \vbox (4.78334pt too high) has occurred while \output is active []


[4]
Overfull \vbox (4.78334pt too high) has occurred while \output is active []


[5]
Overfull \hbox (18.87709pt too wide) in paragraph at lines 282--284
 \OT1/cmr/m/n/12 10.3.\OT1/cmr/bx/n/12 Proof of Se-cu-rity.[] \OT1/cmr/m/n/12 T
hereom: One Time Pad is unconditionally/information-theoretically
 []


Overfull \vbox (4.78334pt too high) has occurred while \output is active []


[6]
Overfull \vbox (4.78334pt too high) has occurred while \output is active []


[7]

Package amsmath Warning: Foreign command \atopwithdelims;
(amsmath)                \frac or \genfrac should be used instead
(amsmath)                 on input line 381.


Overfull \vbox (4.78334pt too high) has occurred while \output is active []


[8]
Overfull \vbox (4.78334pt too high) has occurred while \output is active []


[9]
Overfull \vbox (4.78334pt too high) has occurred while \output is active []


[10]
Overfull \vbox (4.78334pt too high) has occurred while \output is active []


[11]
Overfull \vbox (4.78334pt too high) has occurred while \output is active []


[12]
Overfull \vbox (4.78334pt too high) has occurred while \output is active []


[13]
Overfull \vbox (4.78334pt too high) has occurred while \output is active []


[14]
Overfull \vbox (4.78334pt too high) has occurred while \output is active []


[15]
Overfull \vbox (4.78334pt too high) has occurred while \output is active []


[16]
Overfull \vbox (4.78334pt too high) has occurred while \output is active []


[17]
Overfull \vbox (4.78334pt too high) has occurred while \output is active []


[18]
Overfull \vbox (4.78334pt too high) has occurred while \output is active []


[19]
Overfull \vbox (4.78334pt too high) has occurred while \output is active []


[20]
Overfull \vbox (4.78334pt too high) has occurred while \output is active []


[21]
Overfull \vbox (4.78334pt too high) has occurred while \output is active []


[22]
Overfull \vbox (4.78334pt too high) has occurred while \output is active []


[23]
Overfull \vbox (4.78334pt too high) has occurred while \output is active []


[24]
Overfull \vbox (4.78334pt too high) has occurred while \output is active []


[25]
Overfull \vbox (4.78334pt too high) has occurred while \output is active []


[26]
Overfull \vbox (4.78334pt too high) has occurred while \output is active []


[27]
Overfull \vbox (4.78334pt too high) has occurred while \output is active []


[28]
Overfull \vbox (4.78334pt too high) has occurred while \output is active []


[29]
Overfull \hbox (16.76291pt too wide) in paragraph at lines 1196--1197
[]\OT1/cmr/m/it/12 Definition: \OT1/cmr/m/n/12 PK en-ryp-tion method is \OT1/cm
r/m/it/12 INDC-CCA2 \OT1/cmr/m/n/12 se-cure (ACCA-secure) if $\OML/cmm/m/it/12 
Prob\OT1/cmr/m/n/12 ([]) \OMS/cmsy/m/n/12 ^^T
 []


Overfull \vbox (4.78334pt too high) has occurred while \output is active []


[30]
Overfull \hbox (8.01028pt too wide) in paragraph at lines 1210--1211
[]\OT1/cmr/m/n/12 For de-cryp-tion, we have $\OML/cmm/m/it/12 Dec\OT1/cmr/m/n/1
2 (\OML/cmm/m/it/12 u[]; u[]; e; v\OT1/cmr/m/n/12 )$: $\OML/cmm/m/it/12  \OT1/
cmr/m/n/12 = \OML/cmm/m/it/12 H\OT1/cmr/m/n/12 (\OML/cmm/m/it/12 u[]; u[]; e\OT
1/cmr/m/n/12 )$ and does a check $\OML/cmm/m/it/12 u[]u[] \OT1/cmr/m/n/12 =
 []


Overfull \vbox (4.78334pt too high) has occurred while \output is active []


[31]
Overfull \hbox (48.23506pt too wide) in paragraph at lines 1307--1308
[]$\OML/cmm/m/it/12 Verify\OT1/cmr/m/n/12 (\OML/cmm/m/it/12 PK[]; m; ^^[\OT1/cm
r/m/n/12 ) \OMS/cmsy/m/n/12 ! \OML/cmm/m/it/12 boolean$\OT1/cmr/m/n/12 . We wan
t for all $\OML/cmm/m/it/12 m$\OT1/cmr/m/n/12 , we have $\OML/cmm/m/it/12 Verif
y\OT1/cmr/m/n/12 (\OML/cmm/m/it/12 PK[]; m; Sign\OT1/cmr/m/n/12 (\OML/cmm/m/it/
12 SK[]; m\OT1/cmr/m/n/12 )) =
 []


Overfull \vbox (4.78334pt too high) has occurred while \output is active []


[32]
Overfull \vbox (4.78334pt too high) has occurred while \output is active []


[33]
Overfull \hbox (47.07909pt too wide) in paragraph at lines 1340--1341
\OT1/cmr/m/n/12 pad it out to be the size of the RSA mod-u-lus. We de-fine $\OM
L/cmm/m/it/12 pad\OT1/cmr/m/n/12 (\OML/cmm/m/it/12 m\OT1/cmr/m/n/12 ) = 0\OML/c
mm/m/it/12 x\OT1/cmr/m/n/12 0001\OML/cmm/m/it/12 FF [] FF\OT1/cmr/m/n/12 00\OMS
/cmsy/m/n/12 jj\OML/cmm/m/it/12 hashname\OMS/cmsy/m/n/12 jj\OML/cmm/m/it/12 m$\
OT1/cmr/m/n/12 .
 []


Overfull \vbox (4.78334pt too high) has occurred while \output is active []


[34]
Overfull \vbox (4.78334pt too high) has occurred while \output is active []


[35] (./lectures1-17.aux)

LaTeX Warning: Label(s) may have changed. Rerun to get cross-references right.

 ) 
Here is how much of TeX's memory you used:
 2021 strings out of 493848
 23661 string characters out of 1152823
 83953 words of memory out of 3000000
 5151 multiletter control sequences out of 15000+50000
 10362 words of font info for 40 fonts, out of 3000000 for 9000
 875 hyphenation exceptions out of 8191
 34i,14n,32p,830b,253s stack positions out of 5000i,500n,10000p,200000b,50000s
</usr/share/texmf-texlive/fonts/type1/public/amsfonts/cm/cmbx10.pfb></usr/sha
re/texmf-texlive/fonts/type1/public/amsfonts/cm/cmbx12.pfb></usr/share/texmf-te
xlive/fonts/type1/public/amsfonts/cm/cmcsc10.pfb></usr/share/texmf-texlive/font
s/type1/public/amsfonts/cm/cmex10.pfb></usr/share/texmf-texlive/fonts/type1/pub
lic/amsfonts/cm/cmmi12.pfb></usr/share/texmf-texlive/fonts/type1/public/amsfont
s/cm/cmmi6.pfb></usr/share/texmf-texlive/fonts/type1/public/amsfonts/cm/cmmi8.p
fb></usr/share/texmf-texlive/fonts/type1/public/amsfonts/cm/cmr12.pfb></usr/sha
re/texmf-texlive/fonts/type1/public/amsfonts/cm/cmr6.pfb></usr/share/texmf-texl
ive/fonts/type1/public/amsfonts/cm/cmr7.pfb></usr/share/texmf-texlive/fonts/typ
e1/public/amsfonts/cm/cmr8.pfb></usr/share/texmf-texlive/fonts/type1/public/ams
fonts/cm/cmsy10.pfb></usr/share/texmf-texlive/fonts/type1/public/amsfonts/cm/cm
sy6.pfb></usr/share/texmf-texlive/fonts/type1/public/amsfonts/cm/cmsy8.pfb></us
r/share/texmf-texlive/fonts/type1/public/amsfonts/cm/cmti12.pfb></usr/share/tex
mf-texlive/fonts/type1/public/amsfonts/cm/cmtt12.pfb></usr/share/texmf-texlive/
fonts/type1/public/amsfonts/symbols/msbm10.pfb>
Output written on lectures1-17.pdf (35 pages, 343348 bytes).
PDF statistics:
 182 PDF objects out of 1000 (max. 8388607)
 0 named destinations out of 1000 (max. 500000)
 1 words of extra memory for PDF output out of 10000 (max. 10000000)

