This is pdfTeX, Version 3.1415926-1.40.10 (MiKTeX 2.8) (preloaded format=pdflatex 2011.3.25)  13 APR 2012 01:58
entering extended mode
**C:/Users/John/Documents/MIT/Course*6/6.046/takehome/takehome.tex
("C:/Users/John/Documents/MIT/Course 6/6.046/takehome/takehome.tex"
LaTeX2e <2009/09/24>
Babel <v3.8l> and hyphenation patterns for english, dumylang, nohyphenation, ge
rman, ngerman, german-x-2009-06-19, ngerman-x-2009-06-19, french, loaded.
("C:\Users\John\Documents\MIT\Course 6\6.046\takehome\6046.cls"
Document Class: 6046 2011/02/01 - v1.0 Standard class for 6.046 homework
("C:\Program Files (x86)\MiKTeX 2.8\tex\latex\base\article.cls"
Document Class: article 2007/10/19 v1.4h Standard LaTeX document class
("C:\Program Files (x86)\MiKTeX 2.8\tex\latex\base\size12.clo"
File: size12.clo 2007/10/19 v1.4h Standard LaTeX file (size option)
)
\c@part=\count79
\c@section=\count80
\c@subsection=\count81
\c@subsubsection=\count82
\c@paragraph=\count83
\c@subparagraph=\count84
\c@figure=\count85
\c@table=\count86
\abovecaptionskip=\skip41
\belowcaptionskip=\skip42
\bibindent=\dimen102
)
("C:\Users\John\Documents\MIT\Course 6\6.046\takehome\6046.sty"
Package: 6046 2011/02/01{} macros for 6.046

("C:\Program Files (x86)\MiKTeX 2.8\tex\latex\ltxmisc\url.sty"
\Urlmuskip=\muskip10
Package: url 2006/04/12  ver 3.3  Verb mode for urls, etc.
)
("C:\Program Files (x86)\MiKTeX 2.8\tex\latex\base\latexsym.sty"
Package: latexsym 1998/08/17 v2.2e Standard LaTeX package (lasy symbols)
\symlasy=\mathgroup4
LaTeX Font Info:    Overwriting symbol font `lasy' in version `bold'
(Font)                  U/lasy/m/n --> U/lasy/b/n on input line 47.
)
("C:\Program Files (x86)\MiKTeX 2.8\tex\latex\amsfonts\amssymb.sty"
Package: amssymb 2009/06/22 v3.00

("C:\Program Files (x86)\MiKTeX 2.8\tex\latex\amsfonts\amsfonts.sty"
Package: amsfonts 2009/06/22 v3.00 Basic AMSFonts support
\@emptytoks=\toks14
\symAMSa=\mathgroup5
\symAMSb=\mathgroup6
LaTeX Font Info:    Overwriting math alphabet `\mathfrak' in version `bold'
(Font)                  U/euf/m/n --> U/euf/b/n on input line 96.
))
("C:\Program Files (x86)\MiKTeX 2.8\tex\latex\ams\math\amsmath.sty"
Package: amsmath 2000/07/18 v2.13 AMS math features
\@mathmargin=\skip43

For additional information on amsmath, use the `?' option.
("C:\Program Files (x86)\MiKTeX 2.8\tex\latex\ams\math\amstext.sty"
Package: amstext 2000/06/29 v2.01

("C:\Program Files (x86)\MiKTeX 2.8\tex\latex\ams\math\amsgen.sty"
File: amsgen.sty 1999/11/30 v2.0
\@emptytoks=\toks15
\ex@=\dimen103
))
("C:\Program Files (x86)\MiKTeX 2.8\tex\latex\ams\math\amsbsy.sty"
Package: amsbsy 1999/11/29 v1.2d
\pmbraise@=\dimen104
)
("C:\Program Files (x86)\MiKTeX 2.8\tex\latex\ams\math\amsopn.sty"
Package: amsopn 1999/12/14 v2.01 operator names
)
\inf@bad=\count87
LaTeX Info: Redefining \frac on input line 211.
\uproot@=\count88
\leftroot@=\count89
LaTeX Info: Redefining \overline on input line 307.
\classnum@=\count90
\DOTSCASE@=\count91
LaTeX Info: Redefining \ldots on input line 379.
LaTeX Info: Redefining \dots on input line 382.
LaTeX Info: Redefining \cdots on input line 467.
\Mathstrutbox@=\box26
\strutbox@=\box27
\big@size=\dimen105
LaTeX Font Info:    Redeclaring font encoding OML on input line 567.
LaTeX Font Info:    Redeclaring font encoding OMS on input line 568.
\macc@depth=\count92
\c@MaxMatrixCols=\count93
\dotsspace@=\muskip11
\c@parentequation=\count94
\dspbrk@lvl=\count95
\tag@help=\toks16
\row@=\count96
\column@=\count97
\maxfields@=\count98
\andhelp@=\toks17
\eqnshift@=\dimen106
\alignsep@=\dimen107
\tagshift@=\dimen108
\tagwidth@=\dimen109
\totwidth@=\dimen110
\lineht@=\dimen111
\@envbody=\toks18
\multlinegap=\skip44
\multlinetaggap=\skip45
\mathdisplay@stack=\toks19
LaTeX Info: Redefining \[ on input line 2666.
LaTeX Info: Redefining \] on input line 2667.
)
("C:\Program Files (x86)\MiKTeX 2.8\tex\latex\tools\verbatim.sty"
Package: verbatim 2003/08/22 v1.5q LaTeX2e package for verbatim enhancements
\every@verbatim=\toks20
\verbatim@line=\toks21
\verbatim@in@stream=\read1
)
("C:\Program Files (x86)\MiKTeX 2.8\tex\latex\listings\listings.sty"
("C:\Program Files (x86)\MiKTeX 2.8\tex\latex\graphics\keyval.sty"
Package: keyval 1999/03/16 v1.13 key=value parser (DPC)
\KV@toks@=\toks22
)
\lst@mode=\count99
\lst@gtempboxa=\box28
\lst@token=\toks23
\lst@length=\count100
\lst@currlwidth=\dimen112
\lst@column=\count101
\lst@pos=\count102
\lst@lostspace=\dimen113
\lst@width=\dimen114
\lst@newlines=\count103
\lst@lineno=\count104
\lst@maxwidth=\dimen115

("C:\Program Files (x86)\MiKTeX 2.8\tex\latex\listings\lstmisc.sty"
File: lstmisc.sty 2007/02/22 1.4 (Carsten Heinz)
\c@lstnumber=\count105
\lst@skipnumbers=\count106
\lst@framebox=\box29
)
("C:\Program Files (x86)\MiKTeX 2.8\tex\latex\listings\listings.cfg"
File: listings.cfg 2007/02/22 1.4 listings configuration
))
Package: listings 2007/02/22 1.4 (Carsten Heinz)
LaTeX Font Info:    Redeclaring symbol font `largesymbols' on input line 18.
LaTeX Font Info:    Overwriting symbol font `largesymbols' in version `normal'
(Font)                  OMX/cmex/m/n --> OMX/cmex/m/n on input line 18.
LaTeX Font Info:    Overwriting symbol font `largesymbols' in version `bold'
(Font)                  OMX/cmex/m/n --> OMX/cmex/m/n on input line 18.

("C:\Program Files (x86)\MiKTeX 2.8\tex\latex\tools\array.sty"
Package: array 2008/09/09 v2.4c Tabular extension package (FMi)
\col@sep=\dimen116
\extrarowheight=\dimen117
\NC@list=\toks24
\extratabsurround=\skip46
\backup@length=\skip47
)
("C:\Program Files (x86)\MiKTeX 2.8\tex\latex\multirow\multirow.sty"
\bigstrutjot=\dimen118
)
("C:\Program Files (x86)\MiKTeX 2.8\tex\latex\graphics\color.sty"
Package: color 2005/11/14 v1.0j Standard LaTeX Color (DPC)

("C:\Program Files (x86)\MiKTeX 2.8\tex\latex\00miktex\color.cfg"
File: color.cfg 2007/01/18 v1.5 color configuration of teTeX/TeXLive
)
Package color Info: Driver file: pdftex.def on input line 130.

("C:\Program Files (x86)\MiKTeX 2.8\tex\latex\pdftex-def\pdftex.def"
File: pdftex.def 2010/02/14 v0.04n Graphics/color for pdfTeX
\Gread@gobject=\count107
))
("C:\Users\John\Documents\MIT\Course 6\6.046\takehome\clrscode4e.sty"
Package: clrscode4e 

("C:\Program Files (x86)\MiKTeX 2.8\tex\latex\graphics\graphics.sty"
Package: graphics 2009/02/05 v1.0o Standard LaTeX Graphics (DPC,SPQR)

("C:\Program Files (x86)\MiKTeX 2.8\tex\latex\graphics\trig.sty"
Package: trig 1999/03/16 v1.09 sin cos tan (DPC)
)
("C:\Program Files (x86)\MiKTeX 2.8\tex\latex\00miktex\graphics.cfg"
File: graphics.cfg 2007/01/18 v1.5 graphics configuration of teTeX/TeXLive
)
Package graphics Info: Driver file: pdftex.def on input line 91.
)
\c@codelinenumber=\count108
\c@indent=\count109
\digitwidth=\skip48
\savecode=\box30
\codeboxwidth=\skip49
\c@linenumberwidth=\count110
\c@thisindent=\count111
)
("C:\Program Files (x86)\MiKTeX 2.8\tex\latex\tools\xspace.sty"
Package: xspace 2006/05/08 v1.12 Space after command names (DPC,MH)
)
("C:\Program Files (x86)\MiKTeX 2.8\tex\latex\tools\multicol.sty"
Package: multicol 2008/12/05 v1.6h multicolumn formatting (FMi)
\c@tracingmulticols=\count112
\mult@box=\box31
\multicol@leftmargin=\dimen119
\c@unbalance=\count113
\c@collectmore=\count114
\doublecol@number=\count115
\multicoltolerance=\count116
\multicolpretolerance=\count117
\full@width=\dimen120
\page@free=\dimen121
\premulticols=\dimen122
\postmulticols=\dimen123
\multicolsep=\skip50
\multicolbaselineskip=\skip51
\partial@page=\box32
\last@line=\box33
\mult@rightbox=\box34
\mult@grightbox=\box35
\mult@gfirstbox=\box36
\mult@firstbox=\box37
\@tempa=\box38
\@tempa=\box39
\@tempa=\box40
\@tempa=\box41
\@tempa=\box42
\@tempa=\box43
\@tempa=\box44
\@tempa=\box45
\@tempa=\box46
\@tempa=\box47
\@tempa=\box48
\@tempa=\box49
\@tempa=\box50
\@tempa=\box51
\@tempa=\box52
\@tempa=\box53
\@tempa=\box54
\c@columnbadness=\count118
\c@finalcolumnbadness=\count119
\last@try=\dimen124
\multicolovershoot=\dimen125
\multicolundershoot=\dimen126
\mult@nat@firstbox=\box55
\colbreak@box=\box56
)
("C:\Program Files (x86)\MiKTeX 2.8\tex\latex\graphics\graphicx.sty"
Package: graphicx 1999/02/16 v1.0f Enhanced LaTeX Graphics (DPC,SPQR)
\Gin@req@height=\dimen127
\Gin@req@width=\dimen128
)
("C:\Program Files (x86)\MiKTeX 2.8\tex\latex\fancyhdr\fancyhdr.sty"
\fancy@headwidth=\skip52
\f@ncyO@elh=\skip53
\f@ncyO@erh=\skip54
\f@ncyO@olh=\skip55
\f@ncyO@orh=\skip56
\f@ncyO@elf=\skip57
\f@ncyO@erf=\skip58
\f@ncyO@olf=\skip59
\f@ncyO@orf=\skip60
)
\c@principle=\count120
\c@theorem=\count121
\c@xample=\count122
\savearraycolsep=\skip61
)

*** Document Class '6046' for 6.046 homework
*** Bugs/comments/suggestions/technicalities via 6.046 Piazzza.

) ("C:\Users\John\Documents\MIT\Course 6\6.046\takehome\takehome.sty"
Package: takehome 2012/04/07{} macros for 6.046 quiz template
)
("C:\Program Files (x86)\MiKTeX 2.8\tex\generic\xypic\xy.sty"
("C:\Program Files (x86)\MiKTeX 2.8\tex\generic\xypic\xy.tex" Bootstrap'ing:
catcodes, docmode,
("C:\Program Files (x86)\MiKTeX 2.8\tex\generic\xypic\xyrecat.tex")
("C:\Program Files (x86)\MiKTeX 2.8\tex\generic\xypic\xyidioms.tex")

 Xy-pic version 3.8.2 <2010/06/17>
 Copyright (c) 1991-2010 by Kristoffer H. Rose <krisrose@tug.org>
 Xy-pic is free software: see the User's Guide for details.

Loading kernel: messages; fonts; allocations: state,
\X@c=\dimen129
\Y@c=\dimen130
\U@c=\dimen131
\D@c=\dimen132
\L@c=\dimen133
\R@c=\dimen134
\Edge@c=\toks25
\X@p=\dimen135
\Y@p=\dimen136
\U@p=\dimen137
\D@p=\dimen138
\L@p=\dimen139
\R@p=\dimen140
\Edge@p=\toks26
\X@origin=\dimen141
\Y@origin=\dimen142
\X@xbase=\dimen143
\Y@xbase=\dimen144
\X@ybase=\dimen145
\Y@ybase=\dimen146
\X@min=\dimen147
\Y@min=\dimen148
\X@max=\dimen149
\Y@max=\dimen150
\lastobjectbox@=\box57
\zerodotbox@=\box58
\almostz@=\dimen151
 direction,
\d@X=\dimen152
\d@Y=\dimen153
\K@=\count123
\KK@=\count124
\Direction=\count125
\K@dXdY=\dimen154
\K@dYdX=\dimen155
\xyread@=\read2
\xywrite@=\write3
\csp@=\count126
\quotPTK@=\dimen156

utility macros; pictures: \xy, positions,
\swaptoks@@=\toks27
\connectobjectbox@@=\box59
 objects,
\styletoks@=\toks28
 decorations;
kernel objects: directionals, circles, text; options; algorithms: directions,
edges, connections;  Xy-pic loaded)
("C:\Program Files (x86)\MiKTeX 2.8\tex\generic\oberdiek\ifpdf.sty"
Package: ifpdf 2010/01/28 v2.1 Provides the ifpdf switch (HO)
Package ifpdf Info: pdfTeX in pdf mode detected.
)
Package: xy 2010/06/17 Xy-pic version 3.8.2

("C:\Program Files (x86)\MiKTeX 2.8\tex\generic\xypic\xyall.tex"
 Xy-pic option: All features v.3.6
("C:\Program Files (x86)\MiKTeX 2.8\tex\generic\xypic\xycurve.tex"
 Xy-pic option: Curve and Spline extension v.3.11 curve,
\crv@cnt@=\count127
\crvpts@=\toks29
\splinebox@=\box60
\splineval@=\dimen157
\splinedepth@=\dimen158
\splinetol@=\dimen159
\splinelength@=\dimen160
 circles,
\L@=\dimen161
 loaded)
("C:\Program Files (x86)\MiKTeX 2.8\tex\generic\xypic\xyframe.tex"
 Xy-pic option: Frame and Bracket extension v.3.11 loaded)
("C:\Program Files (x86)\MiKTeX 2.8\tex\generic\xypic\xycmtip.tex"
 Xy-pic option: Computer Modern tip extension v.3.5
("C:\Program Files (x86)\MiKTeX 2.8\tex\generic\xypic\xytips.tex"
 Xy-pic option: More Tips extension v.3.7 loaded) loaded)
("C:\Program Files (x86)\MiKTeX 2.8\tex\generic\xypic\xyline.tex"
 Xy-pic option: Line styles extension v.3.9
\xylinethick@=\dimen162
 loaded)
("C:\Program Files (x86)\MiKTeX 2.8\tex\generic\xypic\xyrotate.tex"
 Xy-pic option: Rotate and Scale extension v.3.7 loaded)
("C:\Program Files (x86)\MiKTeX 2.8\tex\generic\xypic\xycolor.tex"
 Xy-pic option: Colour extension v.3.10 loaded)
("C:\Program Files (x86)\MiKTeX 2.8\tex\generic\xypic\xymatrix.tex"
 Xy-pic option: Matrix feature v.3.8
\Row=\count128
\Col=\count129
\queue@=\toks30
\queue@@=\toks31
\qcount@=\count130
\qcount@@=\count131
\matrixsize@=\count132
 loaded)
("C:\Program Files (x86)\MiKTeX 2.8\tex\generic\xypic\xyarrow.tex"
 Xy-pic option: Arrow and Path feature v.3.7 path, \ar, loaded)
("C:\Program Files (x86)\MiKTeX 2.8\tex\generic\xypic\xygraph.tex"
 Xy-pic option: Graph feature v.3.9 loaded) loaded)
("C:\Program Files (x86)\MiKTeX 2.8\tex\generic\xypic\xyarc.tex"
 Xy-pic option: Circle, Ellipse, Arc feature v.3.7 circles, ellipses,
elliptical arcs, loaded)
("C:\Program Files (x86)\MiKTeX 2.8\tex\generic\xypic\xypdf.tex"
 Xy-pic option: PDF driver v.1.4 Xy-pic pdf driver: `color' extension support
("C:\Program Files (x86)\MiKTeX 2.8\tex\generic\xypic\xypdf-co.tex" loaded)
Xy-pic pdf driver: `curve' extension support
("C:\Program Files (x86)\MiKTeX 2.8\tex\generic\xypic\xypdf-cu.tex"
\xP@off=\dimen163
\xP@ta=\dimen164
\xP@tb=\dimen165
\xP@tc=\dimen166
\xP@M=\dimen167
\xP@oldobj=\dimen168
\xP@Tax=\dimen169
\xP@Tay=\dimen170
\xP@Tdx=\dimen171
\xP@Tdy=\dimen172
\xP@Tmx=\dimen173
\xP@Tmy=\dimen174
\xP@xa=\dimen175
\xP@ya=\dimen176
\xP@xb=\dimen177
\xP@yb=\dimen178
\xP@xc=\dimen179
\xP@yc=\dimen180
\xP@xd=\dimen181
\xP@yd=\dimen182
 loaded)
Xy-pic pdf driver: `frame' extension support
("C:\Program Files (x86)\MiKTeX 2.8\tex\generic\xypic\xypdf-fr.tex" loaded)
Xy-pic pdf driver: `line' extension support
("C:\Program Files (x86)\MiKTeX 2.8\tex\generic\xypic\xypdf-li.tex" loaded)
Xy-pic pdf driver: `rotate' extension support
("C:\Program Files (x86)\MiKTeX 2.8\tex\generic\xypic\xypdf-ro.tex" loaded)
loaded)) ("C:\Program Files (x86)\MiKTeX 2.8\tex\latex\tools\enumerate.sty"
Package: enumerate 1999/03/05 v3.00 enumerate extensions (DPC)
\@enLab=\toks32
)
("C:\Program Files (x86)\MiKTeX 2.8\tex\latex\jknappen\mathrsfs.sty"
Package: mathrsfs 1996/01/01 Math RSFS package v1.0 (jk)
\symrsfs=\mathgroup7
)
("C:\Program Files (x86)\MiKTeX 2.8\tex\latex\geometry\geometry.sty"
Package: geometry 2010/07/08 v5.4 Page Geometry

("C:\Program Files (x86)\MiKTeX 2.8\tex\generic\oberdiek\ifvtex.sty"
Package: ifvtex 2010/03/01 v1.5 Switches for detecting VTeX and its modes (HO)
Package ifvtex Info: VTeX not detected.
)
\Gm@cnth=\count133
\Gm@cntv=\count134
\c@Gm@tempcnt=\count135
\Gm@bindingoffset=\dimen163
\Gm@wd@mp=\dimen164
\Gm@odd@mp=\dimen165
\Gm@even@mp=\dimen166
\Gm@layoutwidth=\dimen167
\Gm@layoutheight=\dimen168
\Gm@layouthoffset=\dimen169
\Gm@layoutvoffset=\dimen170
\Gm@dimlist=\toks33

("C:\Program Files (x86)\MiKTeX 2.8\tex\latex\geometry\geometry.cfg"))
("C:\Program Files (x86)\MiKTeX 2.8\tex\latex\thmtools\thmtools.sty"
Package: thmtools 2010/05/18 v24
\thmt@toks=\toks34
\c@thmt@dummyctr=\count136

("C:\Program Files (x86)\MiKTeX 2.8\tex\latex\thmtools\thm-patch.sty"
Package: thm-patch 2010/05/18 v24

("C:\Program Files (x86)\MiKTeX 2.8\tex\latex\thmtools\parseargs.sty"
Package: parseargs 2010/05/18 v24
\@parsespec=\toks35
))
("C:\Program Files (x86)\MiKTeX 2.8\tex\latex\thmtools\thm-kv.sty"
Package: thm-kv 2010/05/18 v24

("C:\Program Files (x86)\MiKTeX 2.8\tex\generic\oberdiek\kvsetkeys.sty"
Package: kvsetkeys 2010/03/01 v1.9 Key value parser (HO)

("C:\Program Files (x86)\MiKTeX 2.8\tex\generic\oberdiek\infwarerr.sty"
Package: infwarerr 2010/04/08 v1.3 Providing info/warning/message (HO)
)
("C:\Program Files (x86)\MiKTeX 2.8\tex\generic\oberdiek\etexcmds.sty"
Package: etexcmds 2010/01/28 v1.3 Prefix for e-TeX command names (HO)
Package etexcmds Info: Could not find \expanded.
(etexcmds)             That can mean that you are not using pdfTeX 1.50 or
(etexcmds)             that some package has redefined \expanded.
(etexcmds)             In the latter case, load this package earlier.
)))
("C:\Program Files (x86)\MiKTeX 2.8\tex\latex\thmtools\thm-autoref.sty"
Package: thm-autoref 2010/05/18 v24

("C:\Program Files (x86)\MiKTeX 2.8\tex\latex\thmtools\aliasctr.sty"
Package: aliasctr 2010/05/18 v24

("C:\Program Files (x86)\MiKTeX 2.8\tex\latex\carlisle\remreset.sty")))
("C:\Program Files (x86)\MiKTeX 2.8\tex\latex\thmtools\thm-listof.sty"
Package: thm-listof 2010/05/18 v24
)
("C:\Program Files (x86)\MiKTeX 2.8\tex\latex\thmtools\thm-restate.sty"
Package: thm-restate 2010/05/18 v24
))
("C:\Users\John\Documents\MIT\Course 6\6.046\takehome\takehome.aux")
LaTeX Font Info:    Checking defaults for OML/cmm/m/it on input line 24.
LaTeX Font Info:    ... okay on input line 24.
LaTeX Font Info:    Checking defaults for T1/cmr/m/n on input line 24.
LaTeX Font Info:    ... okay on input line 24.
LaTeX Font Info:    Checking defaults for OT1/cmr/m/n on input line 24.
LaTeX Font Info:    ... okay on input line 24.
LaTeX Font Info:    Checking defaults for OMS/cmsy/m/n on input line 24.
LaTeX Font Info:    ... okay on input line 24.
LaTeX Font Info:    Checking defaults for OMX/cmex/m/n on input line 24.
LaTeX Font Info:    ... okay on input line 24.
LaTeX Font Info:    Checking defaults for U/cmr/m/n on input line 24.
LaTeX Font Info:    ... okay on input line 24.
\c@lstlisting=\count137

("C:\Program Files (x86)\MiKTeX 2.8\tex\context\base\supp-pdf.tex"
[Loading MPS to PDF converter (version 2006.09.02).]
\scratchcounter=\count138
\scratchdimen=\dimen171
\scratchbox=\box61
\nofMPsegments=\count139
\nofMParguments=\count140
\everyMPshowfont=\toks36
\MPscratchCnt=\count141
\MPscratchDim=\dimen172
\MPnumerator=\count142
\everyMPtoPDFconversion=\toks37
)
Overfull \hbox (18.06749pt too wide) in paragraph at lines 24--24
 | [] 
 []

LaTeX Font Info:    Try loading font information for U+lasy on input line 24.
("C:\Program Files (x86)\MiKTeX 2.8\tex\latex\base\ulasy.fd"
File: ulasy.fd 1998/08/17 v2.2e LaTeX symbol font definitions
)
LaTeX Font Info:    Try loading font information for U+msa on input line 24.

("C:\Program Files (x86)\MiKTeX 2.8\tex\latex\amsfonts\umsa.fd"
File: umsa.fd 2009/06/22 v3.00 AMS symbols A
)
LaTeX Font Info:    Try loading font information for U+msb on input line 24.

("C:\Program Files (x86)\MiKTeX 2.8\tex\latex\amsfonts\umsb.fd"
File: umsb.fd 2009/06/22 v3.00 AMS symbols B
)
LaTeX Font Info:    Try loading font information for U+rsfs on input line 24.

("C:\Program Files (x86)\MiKTeX 2.8\tex\latex\jknappen\ursfs.fd"
File: ursfs.fd 1998/03/24 rsfs font definition file (jk)
) [1

{C:/ProgramData/MiKTeX/2.8/pdftex/config/pdftex.map}]
Package xypdf Info: Line width: 0.47998pt on input line 24.

*geometry* driver: auto-detecting
*geometry* detected driver: pdftex
*geometry* verbose mode - [ preamble ] result:
* driver: pdftex
* paper: <default>
* layout: <same size as paper>
* layoutoffset:(h,v)=(0.0pt,0.0pt)
* modes: 
* h-part:(L,W,R)=(72.26999pt, 469.75502pt, 72.26999pt)
* v-part:(T,H,B)=(72.26999pt, 650.43001pt, 72.26999pt)
* \paperwidth=614.295pt
* \paperheight=794.96999pt
* \textwidth=469.75502pt
* \textheight=650.43001pt
* \oddsidemargin=0.0pt
* \evensidemargin=0.0pt
* \topmargin=-37.0pt
* \headheight=12.0pt
* \headsep=25.0pt
* \topskip=12.0pt
* \footskip=30.0pt
* \marginparwidth=44.0pt
* \marginparsep=10.0pt
* \columnsep=10.0pt
* \skip\footins=10.8pt plus 4.0pt minus 2.0pt
* \hoffset=0.0pt
* \voffset=0.0pt
* \mag=1000
* \@twocolumnfalse
* \@twosidefalse
* \@mparswitchfalse
* \@reversemarginfalse
* (1in=72.27pt=25.4mm, 1cm=28.453pt)

LaTeX Font Info:    Try loading font information for OMS+cmr on input line 62.
("C:\Program Files (x86)\MiKTeX 2.8\tex\latex\base\omscmr.fd"
File: omscmr.fd 1999/05/25 v2.5h Standard LaTeX font definitions
)
LaTeX Font Info:    Font shape `OMS/cmr/m/n' in size <12> not available
(Font)              Font shape `OMS/cmsy/m/n' tried instead on input line 62.


Package Fancyhdr Warning: \headheight is too small (12.0pt): 
 Make it at least 14.49998pt.
 We now make it that large for the rest of the document.
 This may cause the page layout to be inconsistent, however.

[2] [3] [4] [5] [6] [7] [8] [9] [10]
Overfull \hbox (15.06871pt too wide) in paragraph at lines 258--259
[]\OT1/cmr/m/it/12 If $\OML/cmm/m/it/12 A\OT1/cmr/m/n/12 [\OML/cmm/m/it/12 L\OT
1/cmr/m/n/12 ]$ \OT1/cmr/m/it/12 to $\OML/cmm/m/it/12 A\OT1/cmr/m/n/12 [\OML/cm
m/m/it/12 R\OT1/cmr/m/n/12 ]$ \OT1/cmr/m/it/12 con-sti-tutes a lake, then there
 ex-ists a mod-i-fied min-i-mum $\OML/cmm/m/it/12 M\OT1/cmr/m/n/12 [\OML/cmm/m/
it/12 l; [] ; r\OT1/cmr/m/n/12 ]$
 []

[11] [12] [13] [14] [15] [16] [17]
("C:\Users\John\Documents\MIT\Course 6\6.046\takehome\takehome.aux") ) 
Here is how much of TeX's memory you used:
 7346 strings out of 495285
 97767 string characters out of 3179830
 220499 words of memory out of 3000000
 10362 multiletter control sequences out of 15000+200000
 13156 words of font info for 56 fonts, out of 3000000 for 9000
 14 hyphenation exceptions out of 8191
 41i,12n,47p,3293b,370s stack positions out of 5000i,500n,10000p,200000b,50000s
<C:/Progr
am Files (x86)/MiKTeX 2.8/fonts/type1/public/amsfonts/cm/cmbx12.pfb><C:/Program
 Files (x86)/MiKTeX 2.8/fonts/type1/public/amsfonts/cm/cmcsc10.pfb><C:/Program 
Files (x86)/MiKTeX 2.8/fonts/type1/public/amsfonts/cm/cmex10.pfb><C:/Program Fi
les (x86)/MiKTeX 2.8/fonts/type1/public/amsfonts/cm/cmmi12.pfb><C:/Program File
s (x86)/MiKTeX 2.8/fonts/type1/public/amsfonts/cm/cmmi8.pfb><C:/Program Files (
x86)/MiKTeX 2.8/fonts/type1/public/amsfonts/cm/cmr12.pfb><C:/Program Files (x86
)/MiKTeX 2.8/fonts/type1/public/amsfonts/cm/cmr8.pfb><C:/Program Files (x86)/Mi
KTeX 2.8/fonts/type1/public/amsfonts/cm/cmsy10.pfb><C:/Program Files (x86)/MiKT
eX 2.8/fonts/type1/public/amsfonts/cm/cmsy6.pfb><C:/Program Files (x86)/MiKTeX 
2.8/fonts/type1/public/amsfonts/cm/cmsy8.pfb><C:/Program Files (x86)/MiKTeX 2.8
/fonts/type1/public/amsfonts/cm/cmti12.pfb><C:/Program Files (x86)/MiKTeX 2.8/f
onts/type1/public/amsfonts/cm/cmtt12.pfb>
Output written on takehome.pdf (17 pages, 203884 bytes).
PDF statistics:
 105 PDF objects out of 1000 (max. 8388607)
 0 named destinations out of 1000 (max. 500000)
 1 words of extra memory for PDF output out of 10000 (max. 10000000)

